<?xml version="1.0" encoding="UTF-8"?>
<!-- Generated by org.testng.reporters.JUnitReportReporter -->
<testsuite hostname="As-MacBook-Pro.local" failures="0" tests="1" name="postRequest.postRequestTest" time="2.937" errors="0" timestamp="2019-09-30T01:24:02 EDT" skipped="0">
  <testcase classname="postRequest.postRequestTest" name="test1" time="2.937"/>
</testsuite> <!-- postRequest.postRequestTest -->
