<?xml version="1.0" encoding="UTF-8"?>
<!-- Generated by org.testng.reporters.JUnitReportReporter -->
<testsuite hostname="As-MacBook-Pro.local" failures="0" tests="2" name="getRequest.GetData" time="2.280" errors="0" timestamp="2019-09-29T22:26:18 EDT" skipped="0">
  <testcase classname="getRequest.GetData" name="testBody" time="2.056"/>
  <testcase classname="getRequest.GetData" name="testResponseCode" time="0.224"/>
</testsuite> <!-- getRequest.GetData -->
